# JRE version: OpenJDK Runtime Environment Temurin-21.0.8+9 (21.0.8+9) (build 21.0.8+9-LTS)
# Java VM: OpenJDK 64-Bit Server VM Temurin-21.0.8+9 (21.0.8+9-LTS, mixed mode, sharing, tiered, compressed oops, compressed class ptrs, parallel gc, windows-amd64)
GC Precious Log:
 CardTable entry size: 512
 CPUs: 8 total, 8 available
 Memory: 7876M
 Large Page Support: Disabled
 NUMA Support: Disabled
 Compressed Oops: Enabled (32-bit)
 Alignments: Space 512K, Generation 512K, Heap 2M
 Heap Min Capacity: 100M
 Heap Initial Capacity: 100M
 Heap Max Capacity: 2G
 Pre-touch: Disabled
 Parallel Workers: 8
Heap:
 PSYoungGen      total 7680K, used 4076K [0x00000000d5580000, 0x00000000d5e80000, 0x0000000100000000)
  eden space 5120K, 75% used [0x00000000d5580000,0x00000000d594b140,0x00000000d5a80000)
  from space 2560K, 7% used [0x00000000d5b00000,0x00000000d5b30000,0x00000000d5d80000)
  to   space 1024K, 0% used [0x00000000d5d80000,0x00000000d5d80000,0x00000000d5e80000)
 ParOldGen       total 915456K, used 915143K [0x0000000080000000, 0x00000000b7e00000, 0x00000000d5580000)
  object space 915456K, 99% used [0x0000000080000000,0x00000000b7db1ca0,0x00000000b7e00000)
 Metaspace       used 72507K, committed 74048K, reserved 1179648K
  class space    used 7587K, committed 8256K, reserved 1048576K
GC Heap History (20 events):
Event: 167.777 GC heap before
{Heap before GC invocations=861 (full 3):
 PSYoungGen      total 9728K, used 9664K [0x00000000d5580000, 0x00000000d6400000, 0x0000000100000000)
  eden space 5632K, 100% used [0x00000000d5580000,0x00000000d5b00000,0x00000000d5b00000)
  from space 4096K, 98% used [0x00000000d5b00000,0x00000000d5ef0000,0x00000000d5f00000)
  to   space 4608K, 0% used [0x00000000d5f80000,0x00000000d5f80000,0x00000000d6400000)
 ParOldGen       total 881664K, used 881637K [0x0000000080000000, 0x00000000b5d00000, 0x00000000d5580000)
  object space 881664K, 99% used [0x0000000080000000,0x00000000b5cf9780,0x00000000b5d00000)
 Metaspace       used 71993K, committed 73536K, reserved 1179648K
  class space    used 7541K, committed 8192K, reserved 1048576K
}
Event: 167.802 GC heap after
{Heap after GC invocations=861 (full 3):
 PSYoungGen      total 9728K, used 4512K [0x00000000d5580000, 0x00000000d6500000, 0x0000000100000000)
  eden space 5120K, 0% used [0x00000000d5580000,0x00000000d5580000,0x00000000d5a80000)
  from space 4608K, 97% used [0x00000000d5f80000,0x00000000d63e8000,0x00000000d6400000)
  to   space 5120K, 0% used [0x00000000d5a80000,0x00000000d5a80000,0x00000000d5f80000)
 ParOldGen       total 885760K, used 885597K [0x0000000080000000, 0x00000000b6100000, 0x00000000d5580000)
  object space 885760K, 99% used [0x0000000080000000,0x00000000b60d7780,0x00000000b6100000)
 Metaspace       used 71993K, committed 73536K, reserved 1179648K
  class space    used 7541K, committed 8192K, reserved 1048576K
}
Event: 167.953 GC heap before
{Heap before GC invocations=862 (full 3):
 PSYoungGen      total 9728K, used 9632K [0x00000000d5580000, 0x00000000d6500000, 0x0000000100000000)
  eden space 5120K, 100% used [0x00000000d5580000,0x00000000d5a80000,0x00000000d5a80000)
  from space 4608K, 97% used [0x00000000d5f80000,0x00000000d63e8000,0x00000000d6400000)
  to   space 5120K, 0% used [0x00000000d5a80000,0x00000000d5a80000,0x00000000d5f80000)
 ParOldGen       total 885760K, used 885600K [0x0000000080000000, 0x00000000b6100000, 0x00000000d5580000)
  object space 885760K, 99% used [0x0000000080000000,0x00000000b60d8108,0x00000000b6100000)
 Metaspace       used 71994K, committed 73536K, reserved 1179648K
  class space    used 7541K, committed 8192K, reserved 1048576K
}
Event: 167.977 GC heap after
{Heap after GC invocations=862 (full 3):
 PSYoungGen      total 9216K, used 3904K [0x00000000d5580000, 0x00000000d6380000, 0x0000000100000000)
  eden space 5120K, 0% used [0x00000000d5580000,0x00000000d5580000,0x00000000d5a80000)
  from space 4096K, 95% used [0x00000000d5a80000,0x00000000d5e50000,0x00000000d5e80000)
  to   space 4608K, 0% used [0x00000000d5f00000,0x00000000d5f00000,0x00000000d6380000)
 ParOldGen       total 890368K, used 889992K [0x0000000080000000, 0x00000000b6580000, 0x00000000d5580000)
  object space 890368K, 99% used [0x0000000080000000,0x00000000b6522108,0x00000000b6580000)
 Metaspace       used 71994K, committed 73536K, reserved 1179648K
  class space    used 7541K, committed 8192K, reserved 1048576K
}
Event: 168.109 GC heap before
{Heap before GC invocations=863 (full 3):
 PSYoungGen      total 9216K, used 9024K [0x00000000d5580000, 0x00000000d6380000, 0x0000000100000000)
  eden space 5120K, 100% used [0x00000000d5580000,0x00000000d5a80000,0x00000000d5a80000)
  from space 4096K, 95% used [0x00000000d5a80000,0x00000000d5e50000,0x00000000d5e80000)
  to   space 4608K, 0% used [0x00000000d5f00000,0x00000000d5f00000,0x00000000d6380000)
 ParOldGen       total 890368K, used 889992K [0x0000000080000000, 0x00000000b6580000, 0x00000000d5580000)
  object space 890368K, 99% used [0x0000000080000000,0x00000000b6522108,0x00000000b6580000)
 Metaspace       used 71994K, committed 73536K, reserved 1179648K
  class space    used 7541K, committed 8192K, reserved 1048576K
}
Event: 168.131 GC heap after
{Heap after GC invocations=863 (full 3):
 PSYoungGen      total 9216K, used 3808K [0x00000000d5580000, 0x00000000d6300000, 0x0000000100000000)
  eden space 5120K, 0% used [0x00000000d5580000,0x00000000d5580000,0x00000000d5a80000)
  from space 4096K, 92% used [0x00000000d5f00000,0x00000000d62b8000,0x00000000d6300000)
  to   space 4096K, 0% used [0x00000000d5a80000,0x00000000d5a80000,0x00000000d5e80000)
 ParOldGen       total 893952K, used 893824K [0x0000000080000000, 0x00000000b6900000, 0x00000000d5580000)
  object space 893952K, 99% used [0x0000000080000000,0x00000000b68e0108,0x00000000b6900000)
 Metaspace       used 71994K, committed 73536K, reserved 1179648K
  class space    used 7541K, committed 8192K, reserved 1048576K
}
Event: 168.272 GC heap before
{Heap before GC invocations=864 (full 3):
 PSYoungGen      total 9216K, used 8928K [0x00000000d5580000, 0x00000000d6300000, 0x0000000100000000)
  eden space 5120K, 100% used [0x00000000d5580000,0x00000000d5a80000,0x00000000d5a80000)
  from space 4096K, 92% used [0x00000000d5f00000,0x00000000d62b8000,0x00000000d6300000)
  to   space 4096K, 0% used [0x00000000d5a80000,0x00000000d5a80000,0x00000000d5e80000)
 ParOldGen       total 893952K, used 893824K [0x0000000080000000, 0x00000000b6900000, 0x00000000d5580000)
  object space 893952K, 99% used [0x0000000080000000,0x00000000b68e0108,0x00000000b6900000)
 Metaspace       used 71995K, committed 73536K, reserved 1179648K
  class space    used 7541K, committed 8192K, reserved 1048576K
}
Event: 168.294 GC heap after
{Heap after GC invocations=864 (full 3):
 PSYoungGen      total 9216K, used 3648K [0x00000000d5580000, 0x00000000d6280000, 0x0000000100000000)
  eden space 5120K, 0% used [0x00000000d5580000,0x00000000d5580000,0x00000000d5a80000)
  from space 4096K, 89% used [0x00000000d5a80000,0x00000000d5e10020,0x00000000d5e80000)
  to   space 4096K, 0% used [0x00000000d5e80000,0x00000000d5e80000,0x00000000d6280000)
 ParOldGen       total 898048K, used 897608K [0x0000000080000000, 0x00000000b6d00000, 0x00000000d5580000)
  object space 898048K, 99% used [0x0000000080000000,0x00000000b6c92108,0x00000000b6d00000)
 Metaspace       used 71995K, committed 73536K, reserved 1179648K
  class space    used 7541K, committed 8192K, reserved 1048576K
}
Event: 168.409 GC heap before
{Heap before GC invocations=865 (full 3):
 PSYoungGen      total 9216K, used 8768K [0x00000000d5580000, 0x00000000d6280000, 0x0000000100000000)
  eden space 5120K, 100% used [0x00000000d5580000,0x00000000d5a80000,0x00000000d5a80000)
  from space 4096K, 89% used [0x00000000d5a80000,0x00000000d5e10020,0x00000000d5e80000)
  to   space 4096K, 0% used [0x00000000d5e80000,0x00000000d5e80000,0x00000000d6280000)
 ParOldGen       total 898048K, used 897608K [0x0000000080000000, 0x00000000b6d00000, 0x00000000d5580000)
  object space 898048K, 99% used [0x0000000080000000,0x00000000b6c92108,0x00000000b6d00000)
 Metaspace       used 71998K, committed 73536K, reserved 1179648K
  class space    used 7541K, committed 8192K, reserved 1048576K
}
Event: 168.426 GC heap after
{Heap after GC invocations=865 (full 3):
 PSYoungGen      total 9216K, used 3646K [0x00000000d5580000, 0x00000000d6280000, 0x0000000100000000)
  eden space 5120K, 0% used [0x00000000d5580000,0x00000000d5580000,0x00000000d5a80000)
  from space 4096K, 89% used [0x00000000d5e80000,0x00000000d620fb18,0x00000000d6280000)
  to   space 4096K, 0% used [0x00000000d5a80000,0x00000000d5a80000,0x00000000d5e80000)
 ParOldGen       total 901632K, used 901120K [0x0000000080000000, 0x00000000b7080000, 0x00000000d5580000)
  object space 901632K, 99% used [0x0000000080000000,0x00000000b7000128,0x00000000b7080000)
 Metaspace       used 71998K, committed 73536K, reserved 1179648K
  class space    used 7541K, committed 8192K, reserved 1048576K
}
Event: 168.520 GC heap before
{Heap before GC invocations=866 (full 3):
 PSYoungGen      total 9216K, used 8766K [0x00000000d5580000, 0x00000000d6280000, 0x0000000100000000)
  eden space 5120K, 100% used [0x00000000d5580000,0x00000000d5a80000,0x00000000d5a80000)
  from space 4096K, 89% used [0x00000000d5e80000,0x00000000d620fb18,0x00000000d6280000)
  to   space 4096K, 0% used [0x00000000d5a80000,0x00000000d5a80000,0x00000000d5e80000)
 ParOldGen       total 901632K, used 901120K [0x0000000080000000, 0x00000000b7080000, 0x00000000d5580000)
  object space 901632K, 99% used [0x0000000080000000,0x00000000b7000128,0x00000000b7080000)
 Metaspace       used 72016K, committed 73600K, reserved 1179648K
  class space    used 7545K, committed 8192K, reserved 1048576K
}
Event: 168.541 GC heap after
{Heap after GC invocations=866 (full 3):
 PSYoungGen      total 9216K, used 3744K [0x00000000d5580000, 0x00000000d6280000, 0x0000000100000000)
  eden space 5120K, 0% used [0x00000000d5580000,0x00000000d5580000,0x00000000d5a80000)
  from space 4096K, 91% used [0x00000000d5a80000,0x00000000d5e28020,0x00000000d5e80000)
  to   space 4096K, 0% used [0x00000000d5e80000,0x00000000d5e80000,0x00000000d6280000)
 ParOldGen       total 904704K, used 904647K [0x0000000080000000, 0x00000000b7380000, 0x00000000d5580000)
  object space 904704K, 99% used [0x0000000080000000,0x00000000b7371c40,0x00000000b7380000)
 Metaspace       used 72016K, committed 73600K, reserved 1179648K
  class space    used 7545K, committed 8192K, reserved 1048576K
}
Event: 168.676 GC heap before
{Heap before GC invocations=867 (full 3):
 PSYoungGen      total 9216K, used 8864K [0x00000000d5580000, 0x00000000d6280000, 0x0000000100000000)
  eden space 5120K, 100% used [0x00000000d5580000,0x00000000d5a80000,0x00000000d5a80000)
  from space 4096K, 91% used [0x00000000d5a80000,0x00000000d5e28020,0x00000000d5e80000)
  to   space 4096K, 0% used [0x00000000d5e80000,0x00000000d5e80000,0x00000000d6280000)
 ParOldGen       total 904704K, used 904647K [0x0000000080000000, 0x00000000b7380000, 0x00000000d5580000)
  object space 904704K, 99% used [0x0000000080000000,0x00000000b7371c40,0x00000000b7380000)
 Metaspace       used 72039K, committed 73600K, reserved 1179648K
  class space    used 7549K, committed 8192K, reserved 1048576K
}
Event: 168.695 GC heap after
{Heap after GC invocations=867 (full 3):
 PSYoungGen      total 8192K, used 2688K [0x00000000d5580000, 0x00000000d6180000, 0x0000000100000000)
  eden space 5120K, 0% used [0x00000000d5580000,0x00000000d5580000,0x00000000d5a80000)
  from space 3072K, 87% used [0x00000000d5e80000,0x00000000d6120000,0x00000000d6180000)
  to   space 3584K, 0% used [0x00000000d5a80000,0x00000000d5a80000,0x00000000d5e00000)
 ParOldGen       total 908288K, used 908271K [0x0000000080000000, 0x00000000b7700000, 0x00000000d5580000)
  object space 908288K, 99% used [0x0000000080000000,0x00000000b76fbc60,0x00000000b7700000)
 Metaspace       used 72039K, committed 73600K, reserved 1179648K
  class space    used 7549K, committed 8192K, reserved 1048576K
}
Event: 168.941 GC heap before
{Heap before GC invocations=868 (full 3):
 PSYoungGen      total 8192K, used 7808K [0x00000000d5580000, 0x00000000d6180000, 0x0000000100000000)
  eden space 5120K, 100% used [0x00000000d5580000,0x00000000d5a80000,0x00000000d5a80000)
  from space 3072K, 87% used [0x00000000d5e80000,0x00000000d6120000,0x00000000d6180000)
  to   space 3584K, 0% used [0x00000000d5a80000,0x00000000d5a80000,0x00000000d5e00000)
 ParOldGen       total 908288K, used 908271K [0x0000000080000000, 0x00000000b7700000, 0x00000000d5580000)
  object space 908288K, 99% used [0x0000000080000000,0x00000000b76fbc60,0x00000000b7700000)
 Metaspace       used 72083K, committed 73664K, reserved 1179648K
  class space    used 7552K, committed 8192K, reserved 1048576K
}
Event: 168.962 GC heap after
{Heap after GC invocations=868 (full 3):
 PSYoungGen      total 8704K, used 3257K [0x00000000d5580000, 0x00000000d6180000, 0x0000000100000000)
  eden space 5120K, 0% used [0x00000000d5580000,0x00000000d5580000,0x00000000d5a80000)
  from space 3584K, 90% used [0x00000000d5a80000,0x00000000d5dae6c8,0x00000000d5e00000)
  to   space 3584K, 0% used [0x00000000d5e00000,0x00000000d5e00000,0x00000000d6180000)
 ParOldGen       total 910848K, used 910807K [0x0000000080000000, 0x00000000b7980000, 0x00000000d5580000)
  object space 910848K, 99% used [0x0000000080000000,0x00000000b7975c60,0x00000000b7980000)
 Metaspace       used 72083K, committed 73664K, reserved 1179648K
  class space    used 7552K, committed 8192K, reserved 1048576K
}
Event: 169.669 GC heap before
{Heap before GC invocations=869 (full 3):
 PSYoungGen      total 8704K, used 8377K [0x00000000d5580000, 0x00000000d6180000, 0x0000000100000000)
  eden space 5120K, 100% used [0x00000000d5580000,0x00000000d5a80000,0x00000000d5a80000)
  from space 3584K, 90% used [0x00000000d5a80000,0x00000000d5dae6c8,0x00000000d5e00000)
  to   space 3584K, 0% used [0x00000000d5e00000,0x00000000d5e00000,0x00000000d6180000)
 ParOldGen       total 910848K, used 910807K [0x0000000080000000, 0x00000000b7980000, 0x00000000d5580000)
  object space 910848K, 99% used [0x0000000080000000,0x00000000b7975c60,0x00000000b7980000)
 Metaspace       used 72128K, committed 73664K, reserved 1179648K
  class space    used 7552K, committed 8192K, reserved 1048576K
}
Event: 169.691 GC heap after
{Heap after GC invocations=869 (full 3):
 PSYoungGen      total 7168K, used 1600K [0x00000000d5580000, 0x00000000d6000000, 0x0000000100000000)
  eden space 5120K, 0% used [0x00000000d5580000,0x00000000d5580000,0x00000000d5a80000)
  from space 2048K, 78% used [0x00000000d5e00000,0x00000000d5f90020,0x00000000d6000000)
  to   space 2560K, 0% used [0x00000000d5b00000,0x00000000d5b00000,0x00000000d5d80000)
 ParOldGen       total 913920K, used 913775K [0x0000000080000000, 0x00000000b7c80000, 0x00000000d5580000)
  object space 913920K, 99% used [0x0000000080000000,0x00000000b7c5bc80,0x00000000b7c80000)
 Metaspace       used 72128K, committed 73664K, reserved 1179648K
  class space    used 7552K, committed 8192K, reserved 1048576K
}
Event: 170.690 GC heap before
{Heap before GC invocations=870 (full 3):
 PSYoungGen      total 7168K, used 6720K [0x00000000d5580000, 0x00000000d6000000, 0x0000000100000000)
  eden space 5120K, 100% used [0x00000000d5580000,0x00000000d5a80000,0x00000000d5a80000)
  from space 2048K, 78% used [0x00000000d5e00000,0x00000000d5f90020,0x00000000d6000000)
  to   space 2560K, 0% used [0x00000000d5b00000,0x00000000d5b00000,0x00000000d5d80000)
 ParOldGen       total 913920K, used 913775K [0x0000000080000000, 0x00000000b7c80000, 0x00000000d5580000)
  object space 913920K, 99% used [0x0000000080000000,0x00000000b7c5bc80,0x00000000b7c80000)
 Metaspace       used 72159K, committed 73664K, reserved 1179648K
  class space    used 7552K, committed 8192K, reserved 1048576K
}
Event: 170.703 GC heap after
{Heap after GC invocations=870 (full 3):
 PSYoungGen      total 7680K, used 192K [0x00000000d5580000, 0x00000000d5e80000, 0x0000000100000000)
  eden space 5120K, 0% used [0x00000000d5580000,0x00000000d5580000,0x00000000d5a80000)
  from space 2560K, 7% used [0x00000000d5b00000,0x00000000d5b30000,0x00000000d5d80000)
  to   space 1024K, 0% used [0x00000000d5d80000,0x00000000d5d80000,0x00000000d5e80000)
 ParOldGen       total 915456K, used 915143K [0x0000000080000000, 0x00000000b7e00000, 0x00000000d5580000)
  object space 915456K, 99% used [0x0000000080000000,0x00000000b7db1ca0,0x00000000b7e00000)
 Metaspace       used 72159K, committed 73664K, reserved 1179648K
  class space    used 7552K, committed 8192K, reserved 1048576K
}

