-------------------------------------------------------------------------------
Test set: DirectedGraphTest
-------------------------------------------------------------------------------
Tests run: 1, Failures: 1, Errors: 0, Skipped: 0, Time elapsed: 0.130 s <<< FAILURE! -- in DirectedGraphTest
DirectedGraphTest.test06 -- Time elapsed: 0.068 s <<< FAILURE!
org.opentest4j.AssertionFailedError: Unexpected exception thrown: java.lang.NullPointerException: Cannot invoke "java.util.ArrayList.iterator()" because the return value of "java.util.Map.get(Object)" is null
	at org.junit.jupiter.api.AssertionFailureBuilder.build(AssertionFailureBuilder.java:152)
	at org.junit.jupiter.api.AssertDoesNotThrow.createAssertionFailedError(AssertDoesNotThrow.java:84)
	at org.junit.jupiter.api.AssertDoesNotThrow.assertDoesNotThrow(AssertDoesNotThrow.java:53)
	at org.junit.jupiter.api.AssertDoesNotThrow.assertDoesNotThrow(AssertDoesNotThrow.java:36)
	at org.junit.jupiter.api.Assertions.assertDoesNotThrow(Assertions.java:3164)
	at DirectedGraphTest.test06(DirectedGraphTest.java:195)
	at java.base/java.lang.reflect.Method.invoke(Method.java:565)
	at java.base/java.util.ArrayList.forEach(ArrayList.java:1604)
	at java.base/java.util.ArrayList.forEach(ArrayList.java:1604)
Caused by: java.lang.NullPointerException: Cannot invoke "java.util.ArrayList.iterator()" because the return value of "java.util.Map.get(Object)" is null
	at weeek9.DirectedGraph.unweighted_figure9dot18(DirectedGraph.java:101)
	at DirectedGraphTest.lambda$0(DirectedGraphTest.java:195)
	at org.junit.jupiter.api.AssertDoesNotThrow.assertDoesNotThrow(AssertDoesNotThrow.java:49)
	... 6 more

